0 info it worked if it ends with ok
1 verbose cli [ 'c:\\Program Files\\nodejs\\node.exe',
1 verbose cli   'c:\\Program Files\\nodejs\\node_modules\\npm\\bin\\npm-cli.js',
1 verbose cli   'install' ]
2 info using npm@1.4.23
3 info using node@v0.10.31
<<<<<<< HEAD
4 verbose readDependencies using package.json deps
5 verbose install where, deps [ 'c:\\Users\\Denise\\Documents\\Fall 2014\\hackmit',
5 verbose install   [ 'express',
5 verbose install     'body-parser',
5 verbose install     'cookie-parser',
5 verbose install     'morgan',
5 verbose install     'serve-favicon',
5 verbose install     'debug',
5 verbose install     'ejs',
5 verbose install     'mongodb',
5 verbose install     'monk',
5 verbose install     'express-helpers',
5 verbose install     'express-session',
5 verbose install     'os' ] ]
6 info preinstall myapp@0.0.0
7 verbose readDependencies using package.json deps
8 verbose already installed skipping express@~4.9.0 c:\Users\Denise\Documents\Fall 2014\hackmit
9 verbose already installed skipping body-parser@~1.8.1 c:\Users\Denise\Documents\Fall 2014\hackmit
10 verbose already installed skipping cookie-parser@~1.3.3 c:\Users\Denise\Documents\Fall 2014\hackmit
11 verbose already installed skipping morgan@~1.3.0 c:\Users\Denise\Documents\Fall 2014\hackmit
12 verbose already installed skipping serve-favicon@~2.1.3 c:\Users\Denise\Documents\Fall 2014\hackmit
13 verbose already installed skipping debug@~2.0.0 c:\Users\Denise\Documents\Fall 2014\hackmit
14 verbose already installed skipping ejs@~0.8.5 c:\Users\Denise\Documents\Fall 2014\hackmit
15 verbose already installed skipping mongodb@1.4.15 c:\Users\Denise\Documents\Fall 2014\hackmit
16 verbose already installed skipping monk@0.9.0 c:\Users\Denise\Documents\Fall 2014\hackmit
17 verbose already installed skipping express-helpers@1.3.1 c:\Users\Denise\Documents\Fall 2014\hackmit
18 verbose already installed skipping express-session@1.8.2 c:\Users\Denise\Documents\Fall 2014\hackmit
19 verbose cache add [ 'os@*', null ]
20 verbose cache add name=undefined spec="os@*" args=["os@*",null]
21 verbose parsed url { protocol: null,
21 verbose parsed url   slashes: null,
21 verbose parsed url   auth: null,
21 verbose parsed url   host: null,
21 verbose parsed url   port: null,
21 verbose parsed url   hostname: null,
21 verbose parsed url   hash: null,
21 verbose parsed url   search: null,
21 verbose parsed url   query: null,
21 verbose parsed url   pathname: 'os@*',
21 verbose parsed url   path: 'os@*',
21 verbose parsed url   href: 'os@*' }
22 verbose cache add name="os" spec="*" args=["os","*"]
23 verbose parsed url { protocol: null,
23 verbose parsed url   slashes: null,
23 verbose parsed url   auth: null,
23 verbose parsed url   host: null,
23 verbose parsed url   port: null,
23 verbose parsed url   hostname: null,
23 verbose parsed url   hash: null,
23 verbose parsed url   search: null,
23 verbose parsed url   query: null,
23 verbose parsed url   pathname: '*',
23 verbose parsed url   path: '*',
23 verbose parsed url   href: '*' }
24 verbose addNamed [ 'os', '*' ]
25 verbose addNamed [ null, '*' ]
26 silly lockFile 991cd6b3-os os@*
27 verbose lock os@* C:\Users\Denise\AppData\Roaming\npm-cache\991cd6b3-os.lock
28 silly addNameRange { name: 'os', range: '*', hasData: false }
29 verbose request where is /os
30 verbose request registry https://registry.npmjs.org/
31 verbose request id 737d02a3a41892f0
32 verbose url raw /os
33 verbose url resolving [ 'https://registry.npmjs.org/', './os' ]
34 verbose url resolved https://registry.npmjs.org/os
35 verbose request where is https://registry.npmjs.org/os
36 info trying registry request attempt 1 at 18:20:21
37 http GET https://registry.npmjs.org/os
38 http 404 https://registry.npmjs.org/os
39 verbose headers { date: 'Sat, 04 Oct 2014 22:20:21 GMT',
39 verbose headers   server: 'CouchDB/1.5.0 (Erlang OTP/R16B03)',
39 verbose headers   'content-type': 'application/json',
39 verbose headers   'cache-control': 'max-age=0',
39 verbose headers   'content-length': '52',
39 verbose headers   'accept-ranges': 'bytes',
39 verbose headers   via: '1.1 varnish',
39 verbose headers   age: '0',
39 verbose headers   'x-served-by': 'cache-jfk1028-JFK',
39 verbose headers   'x-cache': 'MISS',
39 verbose headers   'x-cache-hits': '0',
39 verbose headers   'x-timer': 'S1412461221.553046,VS0,VE75',
39 verbose headers   'keep-alive': 'timeout=10, max=50',
39 verbose headers   connection: 'Keep-Alive' }
40 silly registry.get cb [ 404,
40 silly registry.get   { date: 'Sat, 04 Oct 2014 22:20:21 GMT',
40 silly registry.get     server: 'CouchDB/1.5.0 (Erlang OTP/R16B03)',
40 silly registry.get     'content-type': 'application/json',
40 silly registry.get     'cache-control': 'max-age=0',
40 silly registry.get     'content-length': '52',
40 silly registry.get     'accept-ranges': 'bytes',
40 silly registry.get     via: '1.1 varnish',
40 silly registry.get     age: '0',
40 silly registry.get     'x-served-by': 'cache-jfk1028-JFK',
40 silly registry.get     'x-cache': 'MISS',
40 silly registry.get     'x-cache-hits': '0',
40 silly registry.get     'x-timer': 'S1412461221.553046,VS0,VE75',
40 silly registry.get     'keep-alive': 'timeout=10, max=50',
40 silly registry.get     connection: 'Keep-Alive' } ]
41 silly lockFile 991cd6b3-os os@*
42 silly lockFile 991cd6b3-os os@*
43 error 404 404 Not Found: os
43 error 404
43 error 404 'os' is not in the npm registry.
43 error 404 You should bug the author to publish it
43 error 404 It was specified as a dependency of 'myapp'
43 error 404
43 error 404 Note that you can also install from a
43 error 404 tarball, folder, or http url, or git url.
44 error System Windows_NT 6.2.9200
45 error command "c:\\Program Files\\nodejs\\node.exe" "c:\\Program Files\\nodejs\\node_modules\\npm\\bin\\npm-cli.js" "install"
46 error cwd c:\Users\Denise\Documents\Fall 2014\hackmit
47 error node -v v0.10.31
48 error npm -v 1.4.23
49 error code E404
50 verbose exit [ 1, true ]
=======
4 verbose run-script [ 'prestart', 'start', 'poststart' ]
5 info prestart myapp@0.0.0
6 info start myapp@0.0.0
7 verbose unsafe-perm in lifecycle true
8 info myapp@0.0.0 Failed to exec start script
9 error myapp@0.0.0 start: `node ./bin/www`
9 error Exit status 8
10 error Failed at the myapp@0.0.0 start script.
10 error This is most likely a problem with the myapp package,
10 error not with npm itself.
10 error Tell the author that this fails on your system:
10 error     node ./bin/www
10 error You can get their info via:
10 error     npm owner ls myapp
10 error There is likely additional logging output above.
11 error System Windows_NT 6.2.9200
12 error command "c:\\Program Files\\nodejs\\node.exe" "c:\\Program Files\\nodejs\\node_modules\\npm\\bin\\npm-cli.js" "start"
13 error cwd c:\Users\Laura\Desktop\MIT\hackmit
14 error node -v v0.10.31
15 error npm -v 1.4.23
16 error code ELIFECYCLE
17 verbose exit [ 1, true ]
>>>>>>> 439be028abf43803e7a972addff0ea5ca5a929b7
